2024-12-02 17:01:41,463 [     43]   INFO - #c.i.p.i.b.AppStarter - ------------------------------------------------------ IDE STARTED ------------------------------------------------------
2024-12-02 17:01:41,497 [     77]   INFO - #c.i.u.EnvironmentUtil - loading shell env: /bin/zsh -l -i -c '/Users/matthew/.gradle/caches/modules-2/files-2.1/com.jetbrains.intellij.idea/ideaIC/2023.3/6105b81c6142f62379ad6c5afb542c77350a71eb/ideaIC-2023.3/bin/printenv' > '/var/folders/nb/r38dhmg17t7_yqkjjfhvnv3m0000gn/T/ij-env-tmp-dir2701010577700347433/ij-shell-env-data.tmp'
2024-12-02 17:01:41,517 [     97]   INFO - #c.i.u.i.PageCacheUtils - File page caching params:
2024-12-02 17:01:41,517 [     97]   INFO - #c.i.u.i.PageCacheUtils - 	DEFAULT_PAGE_SIZE: 10485760
2024-12-02 17:01:41,517 [     97]   INFO - #c.i.u.i.PageCacheUtils - 	Direct memory to use, max: 2126512128
2024-12-02 17:01:41,518 [     98]   INFO - #c.i.u.i.PageCacheUtils - 	FilePageCache: regular + lock-free (LOCK_FREE_PAGE_CACHE_ENABLED:true)
2024-12-02 17:01:41,519 [     99]   INFO - #c.i.u.i.PageCacheUtils - 	NEW_PAGE_CACHE_MEMORY_FRACTION: 0.20000000298023224
2024-12-02 17:01:41,519 [     99]   INFO - #c.i.u.i.PageCacheUtils - 	Regular FilePageCache: 503316478 bytes
2024-12-02 17:01:41,520 [    100]   INFO - #c.i.u.i.PageCacheUtils - 	New     FilePageCache: 125829122 bytes (+ up to 10.0% overflow)
2024-12-02 17:01:41,520 [    100]   INFO - #c.i.u.i.PageCacheUtils - 	DirectByteBuffers pool: 104857600 bytes
2024-12-02 17:01:41,566 [    146]   INFO - #c.i.i.p.PluginManager - Module intellij.sh.python is not enabled because dependency com.intellij.modules.python is not available
Module intellij.space.gateway is not enabled because dependency com.jetbrains.gateway is not available
Module intellij.space.php is not enabled because dependency com.jetbrains.php is not available
Module intellij.groovy/ant is not enabled because dependency AntSupport is not available
Module intellij.space.index is not enabled because dependency intellij.indexing.shared is not available
Module intellij.qodana.jvm.swagger is not enabled because dependency com.intellij.swagger is not available
Module intellij.qodana.python is not enabled because dependency Pythonid is not available
Module intellij.qodana.php is not enabled because dependency com.jetbrains.php is not available
Module intellij.qodana.js is not enabled because dependency JavaScript is not available
Module intellij.packageChecker.python is not enabled because dependency com.intellij.modules.python is not available
Module intellij.packageChecker.javascript is not enabled because dependency JavaScript is not available
Module intellij.packageChecker.go is not enabled because dependency org.jetbrains.plugins.go is not available
2024-12-02 17:01:41,578 [    158]   INFO - #c.i.i.p.PluginManager - Loaded bundled plugins: com.intellij.dev (233.11799.241), Task Management (233.11799.241), Turbo Complete (233.11799.241), Java Bytecode Decompiler (233.11799.241), Groovy (233.11799.241), Performance Testing (233.11799.241), intellij.platform.ijent.impl (233.11799.241), EditorConfig (233.11799.241), Eclipse Interoperability (233.11799.241), NetBeans Keymap (233.11799.241), Maven server api classes (233.11799.241), Java IDE Customization (233.11799.241), JetBrains maven model api classes (233.11799.241), Kotlin (233.11799.241-IJ), Gradle Dependency Updater Implementation (233.11799.241), Bytecode Viewer (233.11799.241), Machine Learning in Search Everywhere (233.11799.241), Images (233.11799.241), Mercurial (233.11799.241), Maven (233.11799.241), Eclipse Keymap (233.11799.241), Configuration Script (233.11799.241), Space (233.11799.241), GitHub (233.11799.241), JUnit (233.11799.241), UI Designer (233.11799.241), IDE Features Trainer (233.11799.241), Shared Indexes (233.11799.241), Properties (233.11799.241), Subversion (233.11799.241), Git (233.11799.241), Java (233.11799.241), TestNG (233.11799.241), Gradle-Maven (233.11799.241), GitLab (233.11799.241), Visual Studio Keymap (233.11799.241), IntelliLang (233.11799.241), Toml (233.11799.241), Code With Me (233.11799.241), YAML (233.11799.241), Code Coverage for Java (233.11799.241), Markdown (233.11799.241), JavaFX (233.11799.241), Async Profiler for IDE Performance Testing (233.11799.241), Copyright (233.11799.241), Gradle-Java (233.11799.241), Gradle (233.11799.241), Package Checker (233.11799.241), Gradle DSL API (233.11799.241), Machine Learning Code Completion (233.11799.241), JetBrains Marketplace Licensing (233.11799.241), Perforce Helix Core (233.11799.241), com.intellij.tracing.ide (233.11799.241), Java Internationalization (233.11799.241), Shell Script (233.11799.241), HTML Tools (233.11799.241), Java Stream Debugger (233.11799.241), Emoji Picker (233.11799.241), TextMate Bundles (233.11799.241), Qodana (233.11799.241), Terminal (233.11799.241), Grazie Lite (233.11799.241), JetBrains Repository Search (233.11799.241), Settings Sync (233.11799.241), Gradle-Java-Analysis (233.11799.241), IDEA CORE (233.11799.241), WebP Support (233.11799.241)
2024-12-02 17:01:41,578 [    158]   INFO - #c.i.i.p.PluginManager - Loaded custom plugins: Time Tracker (1.0-SNAPSHOT)
2024-12-02 17:01:41,588 [    168]   INFO - #c.i.p.i.b.AppStarter - JNA library (64-bit) loaded in 119 ms
2024-12-02 17:01:41,589 [    169]   INFO - #c.i.p.i.b.AppStarter - IDE: IntelliJ IDEA (build #IC-233.11799.241, Sat, 2 Dec 2023 05:05:00 GMT)
2024-12-02 17:01:41,589 [    169]   INFO - #c.i.p.i.b.AppStarter - OS: Mac OS X (14.4)
2024-12-02 17:01:41,590 [    170]   INFO - #c.i.p.i.b.AppStarter - JRE: 17.0.9+7-b1087.7, aarch64 (JetBrains s.r.o.)
2024-12-02 17:01:41,590 [    170]   INFO - #c.i.p.i.b.AppStarter - JVM: 17.0.9+7-b1087.7 (OpenJDK 64-Bit Server VM)
2024-12-02 17:01:41,591 [    171]   INFO - #c.i.p.i.b.AppStarter - PID: 62569
2024-12-02 17:01:41,603 [    183]   INFO - #c.i.p.i.b.AppStarter - JVM options: [-Daether.connector.resumeDownloads=false, -Dapple.awt.application.appearance=system, -Dapple.awt.fileDialogForDirectories=true, -Dapple.laf.useScreenMenuBar=true, -Didea.auto.reload.plugins=true, -Didea.classpath.index.enabled=false, -Didea.config.path=/Users/matthew/CascadeProjects/kotlin plugin/build/idea-sandbox/config, -Didea.is.internal=true, -Didea.log.path=/Users/matthew/CascadeProjects/kotlin plugin/build/idea-sandbox/system/log, -Didea.paths.selector=IdeaIC2023.3, -Didea.platform.prefix=Idea, -Didea.plugin.in.sandbox.mode=true, -Didea.plugins.path=/Users/matthew/CascadeProjects/kotlin plugin/build/idea-sandbox/plugins, -Didea.required.plugins.id=com.example.timetracker, -Didea.smooth.progress=false, -Didea.system.path=/Users/matthew/CascadeProjects/kotlin plugin/build/idea-sandbox/system, -Didea.vendor.name=JetBrains, -Dintellij.platform.runtime.repository.path=/Users/matthew/.gradle/caches/modules-2/files-2.1/com.jetbrains.intellij.idea/ideaIC/2023.3/6105b81c6142f62379ad6c5afb542c77350a71eb/ideaIC-2023.3/modules/module-descriptors.jar, -Djava.system.class.loader=com.intellij.util.lang.PathClassLoader, -Djbr.catch.SIGABRT=true, -Djdk.attach.allowAttachSelf=true, -Djdk.http.auth.tunneling.disabledSchemes="", -Djdk.module.illegalAccess.silent=true, -Djna.boot.library.path=/Users/matthew/.gradle/caches/modules-2/files-2.1/com.jetbrains.intellij.idea/ideaIC/2023.3/6105b81c6142f62379ad6c5afb542c77350a71eb/ideaIC-2023.3/lib/jna/aarch64, -Djna.noclasspath=true, -Djna.nosys=true, -Dpty4j.preferred.native.folder=/Users/matthew/.gradle/caches/modules-2/files-2.1/com.jetbrains.intellij.idea/ideaIC/2023.3/6105b81c6142f62379ad6c5afb542c77350a71eb/ideaIC-2023.3/lib/pty4j, -Dsplash=true, -Dsun.io.useCanonCaches=false, -Dsun.java2d.metal=true, -XX:ReservedCodeCacheSize=512m, -XX:+UseG1GC, -XX:SoftRefLRUPolicyMSPerMB=50, -XX:CICompilerCount=2, -XX:+HeapDumpOnOutOfMemoryError, -XX:-OmitStackTraceInFastThrow, -XX:+IgnoreUnrecognizedVMOptions, -XX:CompileCommand=exclude,com/intellij/openapi/vfs/impl/FilePartNodeRoot,trieDescend, -javaagent:/Users/matthew/CascadeProjects/kotlin plugin/build/tmp/initializeIntelliJPlugin/coroutines-javaagent.jar, --add-opens=java.base/java.io=ALL-UNNAMED, --add-opens=java.base/java.lang=ALL-UNNAMED, --add-opens=java.base/java.lang.ref=ALL-UNNAMED, --add-opens=java.base/java.lang.reflect=ALL-UNNAMED, --add-opens=java.base/java.net=ALL-UNNAMED, --add-opens=java.base/java.nio=ALL-UNNAMED, --add-opens=java.base/java.nio.charset=ALL-UNNAMED, --add-opens=java.base/java.text=ALL-UNNAMED, --add-opens=java.base/java.time=ALL-UNNAMED, --add-opens=java.base/java.util=ALL-UNNAMED, --add-opens=java.base/java.util.concurrent=ALL-UNNAMED, --add-opens=java.base/java.util.concurrent.atomic=ALL-UNNAMED, --add-opens=java.base/java.util.concurrent.locks=ALL-UNNAMED, --add-opens=java.base/jdk.internal.vm=ALL-UNNAMED, --add-opens=java.base/sun.nio.ch=ALL-UNNAMED, --add-opens=java.base/sun.nio.fs=ALL-UNNAMED, --add-opens=java.base/sun.security.ssl=ALL-UNNAMED, --add-opens=java.base/sun.security.util=ALL-UNNAMED, --add-opens=java.base/sun.net.dns=ALL-UNNAMED, --add-opens=java.desktop/com.apple.eawt=ALL-UNNAMED, --add-opens=java.desktop/com.apple.eawt.event=ALL-UNNAMED, --add-opens=java.desktop/com.apple.laf=ALL-UNNAMED, --add-opens=java.desktop/java.awt=ALL-UNNAMED, --add-opens=java.desktop/java.awt.dnd.peer=ALL-UNNAMED, --add-opens=java.desktop/java.awt.event=ALL-UNNAMED, --add-opens=java.desktop/java.awt.image=ALL-UNNAMED, --add-opens=java.desktop/java.awt.peer=ALL-UNNAMED, --add-opens=java.desktop/java.awt.font=ALL-UNNAMED, --add-opens=java.desktop/javax.swing=ALL-UNNAMED, --add-opens=java.desktop/javax.swing.plaf.basic=ALL-UNNAMED, --add-opens=java.desktop/javax.swing.text.html=ALL-UNNAMED, --add-opens=java.desktop/sun.awt.datatransfer=ALL-UNNAMED, --add-opens=java.desktop/sun.awt.image=ALL-UNNAMED, --add-opens=java.desktop/sun.awt=ALL-UNNAMED, --add-opens=java.desktop/sun.font=ALL-UNNAMED, --add-opens=java.desktop/sun.java2d=ALL-UNNAMED, --add-opens=java.desktop/sun.lwawt=ALL-UNNAMED, --add-opens=java.desktop/sun.lwawt.macosx=ALL-UNNAMED, --add-opens=java.desktop/sun.swing=ALL-UNNAMED, --add-opens=java.desktop/com.sun.java.swing=ALL-UNNAMED, --add-opens=jdk.attach/sun.tools.attach=ALL-UNNAMED, --add-opens=jdk.compiler/com.sun.tools.javac.api=ALL-UNNAMED, --add-opens=jdk.internal.jvmstat/sun.jvmstat.monitor=ALL-UNNAMED, --add-opens=jdk.jdi/com.sun.tools.jdi=ALL-UNNAMED, -Xms128m, -Xmx2048m, -Dfile.encoding=UTF-8, -Duser.country=US, -Duser.language=en, -Duser.variant, -ea]
2024-12-02 17:01:41,604 [    184]   INFO - #c.i.p.i.b.AppStarter - args: traverseUI /Users/matthew/CascadeProjects/kotlin plugin/build/searchableOptions true
2024-12-02 17:01:41,604 [    184]   INFO - #c.i.p.i.b.AppStarter - library path: /Users/matthew/Library/Java/Extensions:/Library/Java/Extensions:/Network/Library/Java/Extensions:/System/Library/Java/Extensions:/usr/lib/java:.
2024-12-02 17:01:41,604 [    184]   INFO - #c.i.p.i.b.AppStarter - boot library path: /Users/matthew/.gradle/caches/modules-2/files-2.1/com.jetbrains/jbre/jbr_jcef-17.0.9-osx-aarch64-b1087.7/extracted/jbr_jcef-17.0.9-osx-aarch64-b1087.7/Contents/Home/lib
2024-12-02 17:01:41,613 [    193]   INFO - #c.i.p.i.b.AppStarter - locale=en_US JNU=UTF-8 file.encoding=UTF-8
    idea.config.path=/Users/matthew/CascadeProjects/kotlin plugin/build/idea-sandbox/config
    idea.system.path=/Users/matthew/CascadeProjects/kotlin plugin/build/idea-sandbox/system
    idea.plugins.path=/Users/matthew/CascadeProjects/kotlin plugin/build/idea-sandbox/plugins
    idea.log.path=/Users/matthew/CascadeProjects/kotlin plugin/build/idea-sandbox/system/log
2024-12-02 17:01:41,615 [    195]   INFO - #c.i.p.i.b.AppStarter - CPU cores: 8; ForkJoinPool.commonPool: java.util.concurrent.ForkJoinPool@401d6286[Running, parallelism = 8, size = 0, active = 0, running = 0, steals = 0, tasks = 0, submissions = 0]; factory: com.intellij.concurrency.IdeaForkJoinWorkerThreadFactory@120df6e9
2024-12-02 17:01:41,712 [    292]   INFO - #c.i.o.v.n.p.FSRecords - VFS health-check enabled: first after 600000 ms, and each following 43200000 ms
2024-12-02 17:01:41,787 [    367]   INFO - #c.i.a.o.PathMacrosImpl - Loaded path macros: {MAVEN_REPOSITORY=/Users/matthew/.m2/repository}
2024-12-02 17:01:41,792 [    372]   WARN - #c.i.s.ComponentManagerImpl - `preload=true` must be used only for core services (service=com.jetbrains.rdserver.statistics.BackendStatisticsManager, plugin=com.jetbrains.codeWithMe)
2024-12-02 17:01:41,818 [    398]   INFO - #c.i.o.v.n.p.PersistentFSLoader - VFS uses 'fast' names enumerator (over mmapped file)
2024-12-02 17:01:41,818 [    398]   INFO - #c.i.o.v.n.p.PersistentFSLoader - VFS uses content storage over new FilePageCache
2024-12-02 17:01:41,818 [    398]   INFO - #c.i.o.v.n.p.PersistentFSLoader - VFS uses streamlined attributes storage (over mmapped file)
2024-12-02 17:01:41,819 [    399]   INFO - #c.i.o.v.n.p.PersistentFSLoader - VFS uses content hash storage over mmapped file
2024-12-02 17:01:41,823 [    403]   INFO - #c.j.r.p.c.C.I.b.Q - Start Wire Storage check: Check Wire Buffer Size
2024-12-02 17:01:41,823 [    403]   INFO - #c.i.i.p.ExpiredPluginsState - Plugins to skip: []
2024-12-02 17:01:41,976 [    556]   INFO - #o.j.i.BuiltInServerManager - built-in server started, port 63345
2024-12-02 17:01:42,108 [    688]   INFO - #c.i.u.n.s.CertificateManager - Default SSL context initialized
2024-12-02 17:01:42,169 [    749]   INFO - #c.i.o.v.n.p.PersistentFSLoader - VFS: impl (expected) version=846656, 0 file records, 0 content blobs
2024-12-02 17:01:42,175 [    755]   INFO - #c.i.o.v.n.p.FSRecordsImpl - VFS initialized: 362 ms, 0 failed attempts, 0 error(s) were recovered
2024-12-02 17:01:42,175 [    755]   INFO - #c.i.o.v.n.p.FSRecordsImpl - VFS scanned: file-by-name index was populated
2024-12-02 17:01:42,198 [    778]   INFO - #c.i.o.v.i.l.NativeFileWatcherImpl - Native file watcher is disabled
2024-12-02 17:01:42,199 [    779]   WARN - #c.i.s.ComponentManagerImpl - com.intellij.psi.search.FilenameIndex initializer requests com.intellij.ide.plugins.PluginUtil instance
2024-12-02 17:01:42,261 [    841]   INFO - #c.i.i.s.p.i.SharedIndexMainZipStorage - Shared Indexes Storage is opened and empty
2024-12-02 17:01:42,524 [   1104]   INFO - #c.i.u.i.FileBasedIndexImpl - Indices to be built:RelaxSymbolIndex(v = 0),SchemaTypeInheritance(v = 2),org.jetbrains.kotlin.idea.vfilefinder.KotlinJvmModuleAnnotationsIndex(v = 1),FilenameIndex(v = 258),org.jetbrains.kotlin.idea.vfilefinder.KotlinJavaScriptMetaFileIndex(v = 4),org.jetbrains.kotlin.idea.vfilefinder.KotlinMetadataFileIndex(v = 2),java.source.module.name(v = 4),filetypes(v = 4096),java.null.method.argument(v = 1),org.jetbrains.kotlin.idea.versions.KotlinJvmMetadataVersionIndex(v = 5),org.jetbrains.kotlin.idea.base.indices.names.KotlinTopLevelClassLikeDeclarationByPackageShortNameIndex(v = 3),fileIncludes(v = 6),TodoIndex(v = 13),html5.custom.attributes.index(v = 1),javafx.id.name(v = 3),HtmlTagIdIndex(v = 3),org.jetbrains.kotlin.idea.vfilefinder.KotlinPackageSourcesMemberNamesIndex(v = 2),Trigram.Index(v = 4),JavaFxControllerClassIndex(v = 1),org.jetbrains.kotlin.idea.vfilefinder.KotlinShortClassNameFileIndex(v = 3),java.auto.module.name(v = 6),com.intellij.uiDesigner.FormClassIndex(v = 0),XmlNamespaces(v = 8),DomFileIndex(v = 0),org.jetbrains.kotlin.idea.vfilefinder.KotlinPartialPackageNamesIndex(v = 5),IdIndex(v = 22),javafx.custom.component(v = 2),org.jetbrains.kotlin.idea.vfilefinder.KotlinStdlibIndex(v = 1),org.jetbrains.kotlin.idea.base.indices.names.KotlinTopLevelCallableByPackageShortNameIndex(v = 3),FrameworkDetectionIndex(v = 65536),json.file.root.values(v = 5),org.jetbrains.kotlin.idea.versions.KotlinJsMetadataVersionIndex(v = 3),bytecodeAnalysis(v = 11),java.binary.plus.expression(v = 4),org.jetbrains.kotlin.idea.vfilefinder.KotlinModuleMappingIndex(v = 5),XmlTagNames(v = 1),org.jetbrains.kotlin.idea.vfilefinder.KotlinMetadataFilePackageIndex(v = 2),editorconfig.index.name(v = 5),yaml.keys.name(v = 1),java.fun.expression(v = 6),org.jetbrains.kotlin.idea.vfilefinder.KlibMetaFileIndex(v = 4),org.jetbrains.kotlin.idea.vfilefinder.KotlinClassFileIndex(v = 3),Stubs(v = 46),xmlProperties(v = 2),org.jetbrains.kotlin.idea.vfilefinder.KotlinBuiltInsMetadataIndex(v = 4)
2024-12-02 17:01:42,527 [   1107]   INFO - #c.i.u.i.FileBasedIndexImpl - Using nice flusher for indexes
2024-12-02 17:01:42,530 [   1110]   INFO - #c.i.u.i.IndexDataInitializer - Index data initialization done: 334 ms. Initialized indexes: [FilenameIndex, Trigram.Index, fileIncludes, FrameworkDetectionIndex, filetypes, IdIndex, DomFileIndex, RelaxSymbolIndex, XmlTagNames, TodoIndex, XmlNamespaces, html5.custom.attributes.index, json.file.root.values, java.auto.module.name, xmlProperties, yaml.keys.name, editorconfig.index.name, SchemaTypeInheritance, HtmlTagIdIndex, java.source.module.name, java.null.method.argument, java.binary.plus.expression, java.fun.expression, javafx.id.name, bytecodeAnalysis, javafx.custom.component, org.jetbrains.kotlin.idea.versions.KotlinJvmMetadataVersionIndex, org.jetbrains.kotlin.idea.vfilefinder.KotlinClassFileIndex, org.jetbrains.kotlin.idea.vfilefinder.KotlinJavaScriptMetaFileIndex, org.jetbrains.kotlin.idea.vfilefinder.KotlinPartialPackageNamesIndex, org.jetbrains.kotlin.idea.vfilefinder.KotlinMetadataFileIndex, org.jetbrains.kotlin.idea.vfilefinder.KotlinMetadataFilePackageIndex, org.jetbrains.kotlin.idea.versions.KotlinJsMetadataVersionIndex, org.jetbrains.kotlin.idea.vfilefinder.KotlinModuleMappingIndex, org.jetbrains.kotlin.idea.vfilefinder.KotlinPackageSourcesMemberNamesIndex, org.jetbrains.kotlin.idea.vfilefinder.KotlinJvmModuleAnnotationsIndex, org.jetbrains.kotlin.idea.vfilefinder.KotlinBuiltInsMetadataIndex, JavaFxControllerClassIndex, Stubs, org.jetbrains.kotlin.idea.vfilefinder.KotlinStdlibIndex, org.jetbrains.kotlin.idea.vfilefinder.KotlinShortClassNameFileIndex, org.jetbrains.kotlin.idea.base.indices.names.KotlinTopLevelClassLikeDeclarationByPackageShortNameIndex, org.jetbrains.kotlin.idea.vfilefinder.KlibMetaFileIndex, org.jetbrains.kotlin.idea.base.indices.names.KotlinTopLevelCallableByPackageShortNameIndex, com.intellij.uiDesigner.FormClassIndex].
2024-12-02 17:01:42,631 [   1211]   INFO - #c.i.u.EnvironmentUtil - shell environment loaded (34 vars)
2024-12-02 17:01:42,649 [   1229]   INFO - #c.i.u.EnvironmentUtil - LC_CTYPE=en_US.UTF-8
2024-12-02 17:01:42,673 [   1253]   INFO - #c.i.p.s.StubIndexImpl - Following stub indices will be built:org.jetbrains.kotlin.idea.stubindex.KotlinTopLevelExtensionsByReceiverTypeIndex(v = 3),java.anonymous.baseref(v = 2),org.jetbrains.kotlin.idea.stubindex.KotlinTopLevelPropertyByPackageIndex(v = 2),org.jetbrains.kotlin.idea.stubindex.KotlinTopLevelClassByPackageIndex(v = 2),org.jetbrains.kotlin.idea.stubindex.KotlinFullClassNameIndex(v = 2),org.jetbrains.kotlin.idea.stubindex.KotlinOverridableInternalMembersShortNameIndex(v = 2),org.jetbrains.kotlin.idea.stubindex.KotlinProbablyContractedFunctionShortNameIndex(v = 2),org.jetbrains.kotlin.idea.stubindex.KotlinFilePartClassIndex(v = 2),org.jetbrains.kotlin.idea.stubindex.KotlinTypeAliasByExpansionShortNameIndex(v = 2),markdown.header(v = 2),org.jetbrains.kotlin.idea.stubindex.KotlinAnnotationsIndex(v = 3),org.jetbrains.kotlin.idea.stubindex.KotlinSuperClassIndex(v = 2),gr.annot.method.name(v = 5),dom.elementClass(v = 0),gr.class.fqn.s(v = 5),gr.annot.members(v = 5),org.jetbrains.kotlin.idea.stubindex.KotlinTopLevelFunctionByPackageIndex(v = 2),org.jetbrains.kotlin.idea.stubindex.KotlinPropertyShortNameIndex(v = 2),java.unnamed.class(v = 2),org.jetbrains.kotlin.idea.stubindex.KotlinClassShortNameIndex(v = 2),org.jetbrains.kotlin.idea.stubindex.KotlinInnerTypeAliasClassIdIndex(v = 2),dom.namespaceKey(v = 1),java.class.shortname(v = 4),gr.script.class(v = 5),org.jetbrains.kotlin.idea.stubindex.KotlinFileFacadeFqNameIndex(v = 2),org.jetbrains.kotlin.idea.stubindex.KotlinTopLevelTypeAliasFqNameIndex(v = 2),gr.field.name(v = 5),gr.script.fqn.s(v = 5),org.jetbrains.kotlin.idea.stubindex.KotlinProbablyNothingPropertyShortNameIndex(v = 2),org.jetbrains.kotlin.idea.stubindex.KotlinFileFacadeClassByPackageIndex(v = 2),java.module.name(v = 4),markdown.header.anchor(v = 2),org.jetbrains.kotlin.idea.stubindex.KotlinMultifileClassPartIndex(v = 2),java.annotations(v = 2),gr.anonymous.class(v = 6),java.method.name(v = 2),properties.index(v = 2),org.jetbrains.kotlin.idea.stubindex.KotlinProbablyNothingFunctionShortNameIndex(v = 2),org.jetbrains.kotlin.idea.stubindex.KotlinTopLevelFunctionFqnNameIndex(v = 2),java.class.fqn(v = 1),org.jetbrains.kotlin.idea.stubindex.KotlinTypeAliasShortNameIndex(v = 2),org.jetbrains.kotlin.idea.stubindex.KotlinTopLevelTypeAliasByPackageIndex(v = 2),org.jetbrains.kotlin.idea.stubindex.KotlinSubclassObjectNameIndex(v = 2),gr.method.name(v = 5),gr.class.super(v = 5),org.jetbrains.kotlin.idea.stubindex.KotlinFileFacadeShortNameIndex(v = 2),java.field.name(v = 2),jvm.static.member.type(v = 2),org.jetbrains.kotlin.idea.stubindex.KotlinFunctionShortNameIndex(v = 2),org.jetbrains.kotlin.idea.stubindex.KotlinJvmNameAnnotationIndex(v = 2),java.class.extlist(v = 3),org.jetbrains.kotlin.idea.stubindex.KotlinExactPackagesIndex(v = 2),org.jetbrains.kotlin.idea.stubindex.KotlinExtensionsInObjectsByReceiverTypeIndex(v = 2),jvm.static.member.name(v = 2),org.jetbrains.kotlin.idea.stubindex.KotlinTopLevelPropertyFqnNameIndex(v = 2),java.method.parameter.types(v = 3),org.jetbrains.kotlin.idea.stubindex.KotlinScriptFqnIndex(v = 2),kotlin.primeIndexKey(v = 2)
2024-12-02 17:01:42,674 [   1254]   INFO - #c.i.u.i.IndexDataInitializer - Index data initialization done: 143 ms. Initialized stub indexes: {org.jetbrains.kotlin.idea.stubindex.KotlinExtensionsInObjectsByReceiverTypeIndex, gr.annot.method.name, gr.script.class, kotlin.primeIndexKey, org.jetbrains.kotlin.idea.stubindex.KotlinTopLevelPropertyFqnNameIndex, org.jetbrains.kotlin.idea.stubindex.KotlinScriptFqnIndex, org.jetbrains.kotlin.idea.stubindex.KotlinFullClassNameIndex, org.jetbrains.kotlin.idea.stubindex.KotlinTopLevelClassByPackageIndex, org.jetbrains.kotlin.idea.stubindex.KotlinMultifileClassPartIndex, gr.anonymous.class, java.method.parameter.types, org.jetbrains.kotlin.idea.stubindex.KotlinFilePartClassIndex, org.jetbrains.kotlin.idea.stubindex.KotlinTopLevelPropertyByPackageIndex, org.jetbrains.kotlin.idea.stubindex.KotlinTopLevelTypeAliasFqNameIndex, org.jetbrains.kotlin.idea.stubindex.KotlinFileFacadeFqNameIndex, org.jetbrains.kotlin.idea.stubindex.KotlinTypeAliasShortNameIndex, org.jetbrains.kotlin.idea.stubindex.KotlinFileFacadeShortNameIndex, org.jetbrains.kotlin.idea.stubindex.KotlinJvmNameAnnotationIndex, java.annotations, org.jetbrains.kotlin.idea.stubindex.KotlinExactPackagesIndex, org.jetbrains.kotlin.idea.stubindex.KotlinProbablyNothingPropertyShortNameIndex, java.anonymous.baseref, gr.class.fqn.s, jvm.static.member.type, org.jetbrains.kotlin.idea.stubindex.KotlinSuperClassIndex, gr.annot.members, org.jetbrains.kotlin.idea.stubindex.KotlinProbablyNothingFunctionShortNameIndex, org.jetbrains.kotlin.idea.stubindex.KotlinFunctionShortNameIndex, org.jetbrains.kotlin.idea.stubindex.KotlinProbablyContractedFunctionShortNameIndex, java.class.extlist, java.class.shortname, org.jetbrains.kotlin.idea.stubindex.KotlinInnerTypeAliasClassIdIndex, dom.namespaceKey, java.unnamed.class, properties.index, org.jetbrains.kotlin.idea.stubindex.KotlinAnnotationsIndex, org.jetbrains.kotlin.idea.stubindex.KotlinClassShortNameIndex, markdown.header, gr.field.name, gr.class.super, jvm.static.member.name, java.method.name, java.field.name, dom.elementClass, org.jetbrains.kotlin.idea.stubindex.KotlinPropertyShortNameIndex, gr.method.name, org.jetbrains.kotlin.idea.stubindex.KotlinTopLevelFunctionFqnNameIndex, java.class.fqn, org.jetbrains.kotlin.idea.stubindex.KotlinTopLevelFunctionByPackageIndex, org.jetbrains.kotlin.idea.stubindex.KotlinTopLevelTypeAliasByPackageIndex, markdown.header.anchor, org.jetbrains.kotlin.idea.stubindex.KotlinTypeAliasByExpansionShortNameIndex, java.module.name, org.jetbrains.kotlin.idea.stubindex.KotlinFileFacadeClassByPackageIndex, org.jetbrains.kotlin.idea.stubindex.KotlinTopLevelExtensionsByReceiverTypeIndex, gr.script.fqn.s, org.jetbrains.kotlin.idea.stubindex.KotlinOverridableInternalMembersShortNameIndex, org.jetbrains.kotlin.idea.stubindex.KotlinSubclassObjectNameIndex}.
2024-12-02 17:01:43,009 [   1589]   WARN - #c.i.s.ComponentManagerImpl - org.zmlx.hg4idea.provider.HgChangeProvider initializer requests com.intellij.openapi.vcs.FileStatusFactory instance
2024-12-02 17:01:43,656 [   2236]   INFO - #c.i.i.p.DisabledPluginsState - Plugins to enable: [com.jetbrains.codeWithMe]
2024-12-02 17:01:43,661 [   2241] SEVERE - #c.i.o.a.i.CoroutineExceptionHandlerImpl - Unhandled exception in [CoroutineId(111), "coroutine#111":StandaloneCoroutine{Cancelling}@fb1d1d8, Dispatchers.Default]
java.util.ConcurrentModificationException
	at java.base/java.util.ArrayList$Itr.checkForComodification(ArrayList.java:1013)
	at java.base/java.util.ArrayList$Itr.next(ArrayList.java:967)
	at java.base/jdk.internal.reflect.GeneratedMethodAccessor11.invoke(Unknown Source)
	at java.base/jdk.internal.reflect.DelegatingMethodAccessorImpl.invoke(DelegatingMethodAccessorImpl.java:43)
	at java.base/java.lang.reflect.Method.invoke(Method.java:568)
	at com.b.I.b.b.s.b(s.java:191)
	at com.b.I.b.b.s.b(s.java:135)
	at java.base/jdk.internal.reflect.NativeMethodAccessorImpl.invoke0(Native Method)
	at java.base/jdk.internal.reflect.NativeMethodAccessorImpl.invoke(NativeMethodAccessorImpl.java:77)
	at java.base/jdk.internal.reflect.DelegatingMethodAccessorImpl.invoke(DelegatingMethodAccessorImpl.java:43)
	at java.base/java.lang.reflect.Method.invoke(Method.java:568)
	at com.b.I.b.Q.invokeSuspend(Q.java:18)
	at kotlin.coroutines.jvm.internal.BaseContinuationImpl.resumeWith(ContinuationImpl.kt:33)
	at kotlinx.coroutines.DispatchedTask.run(DispatchedTask.kt:108)
	at kotlinx.coroutines.scheduling.CoroutineScheduler.runSafely(CoroutineScheduler.kt:584)
	at kotlinx.coroutines.scheduling.CoroutineScheduler$Worker.executeTask(CoroutineScheduler.kt:793)
	at kotlinx.coroutines.scheduling.CoroutineScheduler$Worker.runWorker(CoroutineScheduler.kt:697)
	at kotlinx.coroutines.scheduling.CoroutineScheduler$Worker.run(CoroutineScheduler.kt:684)
2024-12-02 17:01:43,663 [   2243] SEVERE - #c.i.o.a.i.CoroutineExceptionHandlerImpl - IntelliJ IDEA 2023.3  Build #IC-233.11799.241
2024-12-02 17:01:43,664 [   2244] SEVERE - #c.i.o.a.i.CoroutineExceptionHandlerImpl - JDK: 17.0.9; VM: OpenJDK 64-Bit Server VM; Vendor: JetBrains s.r.o.
2024-12-02 17:01:43,664 [   2244] SEVERE - #c.i.o.a.i.CoroutineExceptionHandlerImpl - OS: Mac OS X
2024-12-02 17:01:43,664 [   2244] SEVERE - #c.i.o.a.i.CoroutineExceptionHandlerImpl - Last Action: 
2024-12-02 17:01:43,678 [   2258]   INFO - STDERR - Exception in thread "DefaultDispatcher-worker-63 @coroutine#111" java.util.ConcurrentModificationException
2024-12-02 17:01:43,678 [   2258]   INFO - STDERR - 	at java.base/java.util.ArrayList$Itr.checkForComodification(ArrayList.java:1013)
2024-12-02 17:01:43,678 [   2258]   INFO - STDERR - 	at java.base/java.util.ArrayList$Itr.next(ArrayList.java:967)
2024-12-02 17:01:43,678 [   2258]   INFO - STDERR - 	at java.base/jdk.internal.reflect.GeneratedMethodAccessor11.invoke(Unknown Source)
2024-12-02 17:01:43,678 [   2258]   INFO - STDERR - 	at java.base/jdk.internal.reflect.DelegatingMethodAccessorImpl.invoke(DelegatingMethodAccessorImpl.java:43)
2024-12-02 17:01:43,679 [   2259]   INFO - STDERR - 	at java.base/java.lang.reflect.Method.invoke(Method.java:568)
2024-12-02 17:01:43,679 [   2259]   INFO - STDERR - 	at com.b.I.b.b.s.b(s.java:191)
2024-12-02 17:01:43,679 [   2259]   INFO - STDERR - 	at com.b.I.b.b.s.b(s.java:135)
2024-12-02 17:01:43,679 [   2259]   INFO - STDERR - 	at java.base/jdk.internal.reflect.NativeMethodAccessorImpl.invoke0(Native Method)
2024-12-02 17:01:43,679 [   2259]   INFO - STDERR - 	at java.base/jdk.internal.reflect.NativeMethodAccessorImpl.invoke(NativeMethodAccessorImpl.java:77)
2024-12-02 17:01:43,679 [   2259]   INFO - STDERR - 	at java.base/jdk.internal.reflect.DelegatingMethodAccessorImpl.invoke(DelegatingMethodAccessorImpl.java:43)
2024-12-02 17:01:43,679 [   2259]   INFO - STDERR - 	at java.base/java.lang.reflect.Method.invoke(Method.java:568)
2024-12-02 17:01:43,680 [   2260]   INFO - STDERR - 	at com.b.I.b.Q.invokeSuspend(Q.java:18)
2024-12-02 17:01:43,680 [   2260]   INFO - STDERR - 	at kotlin.coroutines.jvm.internal.BaseContinuationImpl.resumeWith(ContinuationImpl.kt:33)
2024-12-02 17:01:43,680 [   2260]   INFO - STDERR - 	at kotlinx.coroutines.DispatchedTask.run(DispatchedTask.kt:108)
2024-12-02 17:01:43,680 [   2260]   INFO - STDERR - 	at kotlinx.coroutines.scheduling.CoroutineScheduler.runSafely(CoroutineScheduler.kt:584)
2024-12-02 17:01:43,680 [   2260]   INFO - STDERR - 	at kotlinx.coroutines.scheduling.CoroutineScheduler$Worker.executeTask(CoroutineScheduler.kt:793)
2024-12-02 17:01:43,680 [   2260]   INFO - STDERR - 	at kotlinx.coroutines.scheduling.CoroutineScheduler$Worker.runWorker(CoroutineScheduler.kt:697)
2024-12-02 17:01:43,681 [   2261]   INFO - STDERR - 	at kotlinx.coroutines.scheduling.CoroutineScheduler$Worker.run(CoroutineScheduler.kt:684)
2024-12-02 17:01:43,681 [   2261]   INFO - STDERR - 	Suppressed: kotlinx.coroutines.internal.DiagnosticCoroutineContextException: [CoroutineId(111), "coroutine#111":StandaloneCoroutine{Cancelling}@fb1d1d8, Dispatchers.Default]
2024-12-02 17:01:44,134 [   2714]   INFO - #c.i.i.p.n.PluginsGroupComponentWithProgress - Marketplace tab: loading stopped
2024-12-02 17:01:44,158 [   2738]   INFO - #c.i.i.p.PluginManagerConfigurable - Marketplace tab: 'Staff Picks' group load started
2024-12-02 17:01:44,331 [   2911]   INFO - #c.i.i.p.DisabledPluginsState - Plugins to enable: [com.jetbrains.codeWithMe]
2024-12-02 17:01:44,509 [   3089]   INFO - #c.i.i.p.PluginManagerConfigurable - Marketplace tab: 'Staff Picks' group load finished
2024-12-02 17:01:44,509 [   3089]   INFO - #c.i.i.p.PluginManagerConfigurable - Marketplace tab: 'New and Updated' group load started
2024-12-02 17:01:44,758 [   3338]   INFO - #c.i.i.p.PluginManagerConfigurable - Marketplace tab: 'New and Updated' group load finished
2024-12-02 17:01:44,758 [   3338]   INFO - #c.i.i.p.PluginManagerConfigurable - Marketplace tab: 'Top Downloads' group load started
2024-12-02 17:01:44,945 [   3525]   WARN - #c.i.s.ComponentManagerImpl - com.intellij.codeInsight.daemon.LineMarkerProviders initializer requests com.intellij.codeInsight.daemon.LineMarkerProviders instance
2024-12-02 17:01:45,018 [   3598]   INFO - #c.i.i.p.PluginManagerConfigurable - Marketplace tab: 'Top Downloads' group load finished
2024-12-02 17:01:45,018 [   3598]   INFO - #c.i.i.p.PluginManagerConfigurable - Marketplace tab: 'Top Rated' group load started
2024-12-02 17:01:45,351 [   3931]   INFO - #c.i.i.p.PluginManagerConfigurable - Marketplace tab: 'Top Rated' group load finished
2024-12-02 17:01:45,483 [   4063]   INFO - #c.i.o.a.i.NonBlockingReadActionImpl - OTel monitoring for NonBlockingReadAction is enabled
2024-12-02 17:01:45,921 [   4501]   WARN - #c.i.s.ComponentManagerImpl - com.intellij.psi.LanguageSubstitutors initializer requests com.intellij.psi.LanguageSubstitutors instance
2024-12-02 17:01:47,291 [   5871]   INFO - #c.i.r.OsRegistryConfigProvider - Looking for 'lobbyServerUrl' value in [/Library/Application Support/JetBrains/CodeWithMe/lobbyServerUrl, /Library/Application Support/JetBrains/CodeWithMe/config.json, /Users/matthew/Library/Application Support/JetBrains/CodeWithMe/lobbyServerUrl, /Users/matthew/Library/Application Support/JetBrains/CodeWithMe/config.json]
2024-12-02 17:01:47,291 [   5871]   INFO - #c.i.r.OsRegistryConfigProvider - OS provided value for 'lobbyServerUrl' is not found
2024-12-02 17:01:47,292 [   5872]   INFO - #c.j.r.p.c.u.CodeWithMeSystemSettings - Setting default value='https://code-with-me.jetbrains.com'
2024-12-02 17:01:47,301 [   5881]   INFO - #c.i.r.OsRegistryConfigProvider - Looking for 'lobbyServerUrl' value in [/Library/Application Support/JetBrains/CodeWithMe/lobbyServerUrl, /Library/Application Support/JetBrains/CodeWithMe/config.json, /Users/matthew/Library/Application Support/JetBrains/CodeWithMe/lobbyServerUrl, /Users/matthew/Library/Application Support/JetBrains/CodeWithMe/config.json]
2024-12-02 17:01:47,302 [   5882]   INFO - #c.i.r.OsRegistryConfigProvider - OS provided value for 'lobbyServerUrl' is not found
2024-12-02 17:01:47,302 [   5882]   INFO - #c.j.r.p.c.u.CodeWithMeSystemSettings - Setting default value='https://code-with-me.jetbrains.com'
2024-12-02 17:01:47,464 [   6044]   WARN - #c.i.s.ComponentManagerImpl - com.intellij.psi.codeStyle.CodeStyleSettingsCustomizable initializer requests com.intellij.util.LocaleSensitiveApplicationCacheService instance
2024-12-02 17:01:48,470 [   7050]   WARN - #c.i.u.j.JBCefApp - JCEF is manually disabled in headless env via 'ide.browser.jcef.headless.enabled=false'
2024-12-02 17:01:48,477 [   7057]   INFO - #org.intellij.plugins.markdown.settings.MarkdownSettings - Migrating Markdown settings
2024-12-02 17:01:49,121 [   7701]   INFO - STDOUT - Found 205 configurables
2024-12-02 17:01:49,182 [   7762]   INFO - #c.i.i.p.n.PluginsGroupComponentWithProgress - Marketplace tab: loading stopped
2024-12-02 17:01:50,332 [   8912]   INFO - STDOUT - Output written to /Users/matthew/CascadeProjects/kotlin plugin/build/searchableOptions/textmate.jar/search/textmate.jar.searchableOptions.xml
2024-12-02 17:01:50,336 [   8916]   INFO - STDOUT - Output written to /Users/matthew/CascadeProjects/kotlin plugin/build/searchableOptions/markdown.jar/search/markdown.jar.searchableOptions.xml
2024-12-02 17:01:50,337 [   8917]   INFO - STDOUT - Output written to /Users/matthew/CascadeProjects/kotlin plugin/build/searchableOptions/IntelliLang.jar/search/IntelliLang.jar.searchableOptions.xml
2024-12-02 17:01:50,337 [   8917]   INFO - STDOUT - Output written to /Users/matthew/CascadeProjects/kotlin plugin/build/searchableOptions/eclipse.jar/search/eclipse.jar.searchableOptions.xml
2024-12-02 17:01:50,338 [   8918]   INFO - STDOUT - Output written to /Users/matthew/CascadeProjects/kotlin plugin/build/searchableOptions/tasks-core.jar/search/tasks-core.jar.searchableOptions.xml
2024-12-02 17:01:50,339 [   8919]   INFO - STDOUT - Output written to /Users/matthew/CascadeProjects/kotlin plugin/build/searchableOptions/sh.jar/search/sh.jar.searchableOptions.xml
2024-12-02 17:01:50,339 [   8919]   INFO - STDOUT - Output written to /Users/matthew/CascadeProjects/kotlin plugin/build/searchableOptions/java-coverage.jar/search/java-coverage.jar.searchableOptions.xml
2024-12-02 17:01:50,340 [   8920]   INFO - STDOUT - Output written to /Users/matthew/CascadeProjects/kotlin plugin/build/searchableOptions/java-impl.jar!/search/java-impl.jar!.searchableOptions.xml
2024-12-02 17:01:50,340 [   8920]   INFO - STDOUT - Output written to /Users/matthew/CascadeProjects/kotlin plugin/build/searchableOptions/javaFX.jar!/search/javaFX.jar!.searchableOptions.xml
2024-12-02 17:01:50,341 [   8921]   INFO - STDOUT - Output written to /Users/matthew/CascadeProjects/kotlin plugin/build/searchableOptions/searchEverywhereMl.jar/search/searchEverywhereMl.jar.searchableOptions.xml
2024-12-02 17:01:50,341 [   8921]   INFO - STDOUT - Output written to /Users/matthew/CascadeProjects/kotlin plugin/build/searchableOptions/idea-junit.jar!/search/idea-junit.jar!.searchableOptions.xml
2024-12-02 17:01:50,342 [   8922]   INFO - STDOUT - Output written to /Users/matthew/CascadeProjects/kotlin plugin/build/searchableOptions/uiDesigner.jar/search/uiDesigner.jar.searchableOptions.xml
2024-12-02 17:01:50,342 [   8922]   INFO - STDOUT - Output written to /Users/matthew/CascadeProjects/kotlin plugin/build/searchableOptions/javaFX.jar/search/javaFX.jar.searchableOptions.xml
2024-12-02 17:01:50,343 [   8923]   INFO - STDOUT - Output written to /Users/matthew/CascadeProjects/kotlin plugin/build/searchableOptions/dev.jar/search/dev.jar.searchableOptions.xml
2024-12-02 17:01:50,343 [   8923]   INFO - STDOUT - Output written to /Users/matthew/CascadeProjects/kotlin plugin/build/searchableOptions/space.jar/search/space.jar.searchableOptions.xml
2024-12-02 17:01:50,343 [   8923]   INFO - STDOUT - Output written to /Users/matthew/CascadeProjects/kotlin plugin/build/searchableOptions/cwm-plugin-terminal.jar/search/cwm-plugin-terminal.jar.searchableOptions.xml
2024-12-02 17:01:50,345 [   8925]   INFO - STDOUT - Output written to /Users/matthew/CascadeProjects/kotlin plugin/build/searchableOptions/vcs-svn.jar/search/vcs-svn.jar.searchableOptions.xml
2024-12-02 17:01:50,345 [   8925]   INFO - STDOUT - Output written to /Users/matthew/CascadeProjects/kotlin plugin/build/searchableOptions/byteCodeViewer.jar/search/byteCodeViewer.jar.searchableOptions.xml
2024-12-02 17:01:50,345 [   8925]   INFO - STDOUT - Output written to /Users/matthew/CascadeProjects/kotlin plugin/build/searchableOptions/testng-plugin.jar!/search/testng-plugin.jar!.searchableOptions.xml
2024-12-02 17:01:50,345 [   8925]   INFO - STDOUT - Output written to /Users/matthew/CascadeProjects/kotlin plugin/build/searchableOptions/marketplace.jar/search/marketplace.jar.searchableOptions.xml
2024-12-02 17:01:50,347 [   8927]   INFO - STDOUT - Output written to /Users/matthew/CascadeProjects/kotlin plugin/build/searchableOptions/maven.jar/search/maven.jar.searchableOptions.xml
2024-12-02 17:01:50,348 [   8928]   INFO - STDOUT - Output written to /Users/matthew/CascadeProjects/kotlin plugin/build/searchableOptions/copyright.jar/search/copyright.jar.searchableOptions.xml
2024-12-02 17:01:50,349 [   8929]   INFO - STDOUT - Output written to /Users/matthew/CascadeProjects/kotlin plugin/build/searchableOptions/maven.jar!/search/maven.jar!.searchableOptions.xml
2024-12-02 17:01:50,351 [   8931]   INFO - STDOUT - Output written to /Users/matthew/CascadeProjects/kotlin plugin/build/searchableOptions/Groovy.jar/search/Groovy.jar.searchableOptions.xml
2024-12-02 17:01:50,352 [   8932]   INFO - STDOUT - Output written to /Users/matthew/CascadeProjects/kotlin plugin/build/searchableOptions/terminal.jar/search/terminal.jar.searchableOptions.xml
2024-12-02 17:01:50,352 [   8932]   INFO - STDOUT - Output written to /Users/matthew/CascadeProjects/kotlin plugin/build/searchableOptions/gradle-java.jar/search/gradle-java.jar.searchableOptions.xml
2024-12-02 17:01:50,352 [   8932]   INFO - STDOUT - Output written to /Users/matthew/CascadeProjects/kotlin plugin/build/searchableOptions/performanceTesting-async.jar/search/performanceTesting-async.jar.searchableOptions.xml
2024-12-02 17:01:50,353 [   8933]   INFO - STDOUT - Output written to /Users/matthew/CascadeProjects/kotlin plugin/build/searchableOptions/properties.jar/search/properties.jar.searchableOptions.xml
2024-12-02 17:01:50,357 [   8937]   INFO - STDOUT - Output written to /Users/matthew/CascadeProjects/kotlin plugin/build/searchableOptions/java-impl.jar/search/java-impl.jar.searchableOptions.xml
2024-12-02 17:01:50,369 [   8949]   INFO - STDOUT - Output written to /Users/matthew/CascadeProjects/kotlin plugin/build/searchableOptions/app-client.jar/search/app-client.jar.searchableOptions.xml
2024-12-02 17:01:50,370 [   8950]   INFO - STDOUT - Output written to /Users/matthew/CascadeProjects/kotlin plugin/build/searchableOptions/html-tools.jar/search/html-tools.jar.searchableOptions.xml
2024-12-02 17:01:50,370 [   8950]   INFO - STDOUT - Output written to /Users/matthew/CascadeProjects/kotlin plugin/build/searchableOptions/vcs-perforce.jar/search/vcs-perforce.jar.searchableOptions.xml
2024-12-02 17:01:50,370 [   8950]   INFO - STDOUT - Output written to /Users/matthew/CascadeProjects/kotlin plugin/build/searchableOptions/java-debugger-streams.jar/search/java-debugger-streams.jar.searchableOptions.xml
2024-12-02 17:01:50,370 [   8950]   INFO - STDOUT - Output written to /Users/matthew/CascadeProjects/kotlin plugin/build/searchableOptions/gradle.jar/search/gradle.jar.searchableOptions.xml
2024-12-02 17:01:50,371 [   8951]   INFO - STDOUT - Output written to /Users/matthew/CascadeProjects/kotlin plugin/build/searchableOptions/testng-plugin.jar/search/testng-plugin.jar.searchableOptions.xml
2024-12-02 17:01:50,371 [   8951]   INFO - STDOUT - Output written to /Users/matthew/CascadeProjects/kotlin plugin/build/searchableOptions/grazie.jar/search/grazie.jar.searchableOptions.xml
2024-12-02 17:01:50,371 [   8951]   INFO - STDOUT - Output written to /Users/matthew/CascadeProjects/kotlin plugin/build/searchableOptions/qodana.jar/search/qodana.jar.searchableOptions.xml
2024-12-02 17:01:50,374 [   8954]   INFO - STDOUT - Output written to /Users/matthew/CascadeProjects/kotlin plugin/build/searchableOptions/app.jar/search/app.jar.searchableOptions.xml
2024-12-02 17:01:50,374 [   8954]   INFO - STDOUT - Output written to /Users/matthew/CascadeProjects/kotlin plugin/build/searchableOptions/completionMlRanking.jar/search/completionMlRanking.jar.searchableOptions.xml
2024-12-02 17:01:50,374 [   8954]   INFO - STDOUT - Output written to /Users/matthew/CascadeProjects/kotlin plugin/build/searchableOptions/java-decompiler.jar/search/java-decompiler.jar.searchableOptions.xml
2024-12-02 17:01:50,374 [   8954]   INFO - STDOUT - Output written to /Users/matthew/CascadeProjects/kotlin plugin/build/searchableOptions/vcs-hg.jar/search/vcs-hg.jar.searchableOptions.xml
2024-12-02 17:01:50,375 [   8955]   INFO - STDOUT - Output written to /Users/matthew/CascadeProjects/kotlin plugin/build/searchableOptions/performanceTesting.jar/search/performanceTesting.jar.searchableOptions.xml
2024-12-02 17:01:50,375 [   8955]   INFO - STDOUT - Output written to /Users/matthew/CascadeProjects/kotlin plugin/build/searchableOptions/vcs-gitlab.jar/search/vcs-gitlab.jar.searchableOptions.xml
2024-12-02 17:01:50,375 [   8955]   INFO - STDOUT - Output written to /Users/matthew/CascadeProjects/kotlin plugin/build/searchableOptions/cwm-common.jar/search/cwm-common.jar.searchableOptions.xml
2024-12-02 17:01:50,376 [   8956]   INFO - STDOUT - Output written to /Users/matthew/CascadeProjects/kotlin plugin/build/searchableOptions/java-i18n.jar/search/java-i18n.jar.searchableOptions.xml
2024-12-02 17:01:50,376 [   8956]   INFO - STDOUT - Output written to /Users/matthew/CascadeProjects/kotlin plugin/build/searchableOptions/Groovy.jar!/search/Groovy.jar!.searchableOptions.xml
2024-12-02 17:01:50,376 [   8956]   INFO - STDOUT - Output written to /Users/matthew/CascadeProjects/kotlin plugin/build/searchableOptions/emojipicker.jar/search/emojipicker.jar.searchableOptions.xml
2024-12-02 17:01:50,376 [   8956]   INFO - STDOUT - Output written to /Users/matthew/CascadeProjects/kotlin plugin/build/searchableOptions/toml.jar/search/toml.jar.searchableOptions.xml
2024-12-02 17:01:50,376 [   8956]   INFO - STDOUT - Output written to /Users/matthew/CascadeProjects/kotlin plugin/build/searchableOptions/platform-ijent-impl.jar/search/platform-ijent-impl.jar.searchableOptions.xml
2024-12-02 17:01:50,377 [   8957]   INFO - STDOUT - Output written to /Users/matthew/CascadeProjects/kotlin plugin/build/searchableOptions/idea-junit.jar/search/idea-junit.jar.searchableOptions.xml
2024-12-02 17:01:50,377 [   8957]   INFO - STDOUT - Output written to /Users/matthew/CascadeProjects/kotlin plugin/build/searchableOptions/yaml.jar/search/yaml.jar.searchableOptions.xml
2024-12-02 17:01:50,377 [   8957]   INFO - STDOUT - Output written to /Users/matthew/CascadeProjects/kotlin plugin/build/searchableOptions/packageChecker.jar/search/packageChecker.jar.searchableOptions.xml
2024-12-02 17:01:50,378 [   8958]   INFO - STDOUT - Output written to /Users/matthew/CascadeProjects/kotlin plugin/build/searchableOptions/platform-tracing-ide.jar/search/platform-tracing-ide.jar.searchableOptions.xml
2024-12-02 17:01:50,378 [   8958]   INFO - STDOUT - Output written to /Users/matthew/CascadeProjects/kotlin plugin/build/searchableOptions/editorconfig.jar/search/editorconfig.jar.searchableOptions.xml
2024-12-02 17:01:50,378 [   8958]   INFO - STDOUT - Output written to /Users/matthew/CascadeProjects/kotlin plugin/build/searchableOptions/vcs-github.jar/search/vcs-github.jar.searchableOptions.xml
2024-12-02 17:01:50,378 [   8958]   INFO - STDOUT - Output written to /Users/matthew/CascadeProjects/kotlin plugin/build/searchableOptions/platform-langInjection.jar/search/platform-langInjection.jar.searchableOptions.xml
2024-12-02 17:01:50,379 [   8959]   INFO - STDOUT - Output written to /Users/matthew/CascadeProjects/kotlin plugin/build/searchableOptions/platform-images.jar/search/platform-images.jar.searchableOptions.xml
2024-12-02 17:01:50,380 [   8960]   INFO - STDOUT - Output written to /Users/matthew/CascadeProjects/kotlin plugin/build/searchableOptions/vcs-git.jar/search/vcs-git.jar.searchableOptions.xml
2024-12-02 17:01:50,381 [   8961]   INFO - STDOUT - Output written to /Users/matthew/CascadeProjects/kotlin plugin/build/searchableOptions/kotlin-plugin.jar/search/kotlin-plugin.jar.searchableOptions.xml
2024-12-02 17:01:50,381 [   8961]   INFO - STDOUT - Output written to /Users/matthew/CascadeProjects/kotlin plugin/build/searchableOptions/modules.jar/search/modules.jar.searchableOptions.xml
2024-12-02 17:01:50,381 [   8961]   INFO - STDOUT - Output written to /Users/matthew/CascadeProjects/kotlin plugin/build/searchableOptions/indexing-shared.jar/search/indexing-shared.jar.searchableOptions.xml
2024-12-02 17:01:50,381 [   8961]   INFO - STDOUT - Output written to /Users/matthew/CascadeProjects/kotlin plugin/build/searchableOptions/featuresTrainer.jar/search/featuresTrainer.jar.searchableOptions.xml
2024-12-02 17:01:50,382 [   8962]   INFO - STDOUT - Output written to /Users/matthew/CascadeProjects/kotlin plugin/build/searchableOptions/kotlin-plugin.jar!/search/kotlin-plugin.jar!.searchableOptions.xml
2024-12-02 17:01:50,382 [   8962]   INFO - STDOUT - Output written to /Users/matthew/CascadeProjects/kotlin plugin/build/searchableOptions/cwm-host.jar/search/cwm-host.jar.searchableOptions.xml
2024-12-02 17:01:50,382 [   8962]   INFO - STDOUT - Output written to /Users/matthew/CascadeProjects/kotlin plugin/build/searchableOptions/gradle-java-maven.jar/search/gradle-java-maven.jar.searchableOptions.xml
2024-12-02 17:01:50,382 [   8962]   INFO - STDOUT - Output written to /Users/matthew/CascadeProjects/kotlin plugin/build/searchableOptions/settingsSync.jar/search/settingsSync.jar.searchableOptions.xml
2024-12-02 17:01:50,383 [   8963]   INFO - STDOUT - Searchable options index builder completed
2024-12-02 17:01:50,384 [   8964]   INFO - #c.i.u.i.FileBasedIndexImpl - Index dispose started
2024-12-02 17:01:50,403 [   8983]   INFO - #c.i.p.s.StubIndexImpl - StubIndexExtension-s were unloaded
2024-12-02 17:01:50,404 [   8984]   INFO - #c.i.p.s.SerializationManagerImpl - Start shutting down /Users/matthew/CascadeProjects/kotlin plugin/build/idea-sandbox/system/index/rep.names
2024-12-02 17:01:50,404 [   8984]   INFO - #c.i.p.s.SerializationManagerImpl - Finished shutting down /Users/matthew/CascadeProjects/kotlin plugin/build/idea-sandbox/system/index/rep.names
2024-12-02 17:01:50,405 [   8985]   INFO - #c.i.u.i.FileBasedIndexImpl - Index dispose completed in 21ms.
2024-12-02 17:01:50,409 [   8989]   INFO - #c.i.o.v.n.p.PersistentFSImpl - VFS dispose started
2024-12-02 17:01:50,412 [   8992]   INFO - #c.i.o.v.n.p.PersistentFSImpl - VFS dispose completed in 3ms.
2024-12-02 17:01:50,426 [   9006]   INFO - #c.i.p.i.b.AppStarter - ------------------------------------------------------ IDE SHUTDOWN ------------------------------------------------------
